[INFO] Scanning for projects...
[INFO] 
[INFO] --------------------------< com.example:demo >--------------------------
[INFO] Building demo 0.0.1-SNAPSHOT
[INFO]   from pom.xml
[INFO] --------------------------------[ jar ]---------------------------------
[INFO] 
[INFO] >>> spring-boot:3.5.6:run (default-cli) > test-compile @ demo >>>
[INFO] 
[INFO] --- resources:3.3.1:resources (default-resources) @ demo ---
[INFO] Copying 1 resource from src\main\resources to target\classes
[INFO] Copying 0 resource from src\main\resources to target\classes
[INFO] 
[INFO] --- compiler:3.14.0:compile (default-compile) @ demo ---
[INFO] Recompiling the module because of changed source code.
[INFO] Compiling 13 source files with javac [debug parameters release 17] to target\classes
[WARNING] /C:/Users/Lathrell/TagakTuro/backend/src/main/java/com/example/demo/security/SecurityConfig.java:[30,9] cors() in org.springframework.security.config.annotation.web.builders.HttpSecurity has been deprecated and marked for removal
[WARNING] /C:/Users/Lathrell/TagakTuro/backend/src/main/java/com/example/demo/security/SecurityConfig.java:[30,16] and() in org.springframework.security.config.annotation.SecurityConfigurerAdapter has been deprecated and marked for removal
[WARNING] /C:/Users/Lathrell/TagakTuro/backend/src/main/java/com/example/demo/security/SecurityConfig.java:[30,22] csrf() in org.springframework.security.config.annotation.web.builders.HttpSecurity has been deprecated and marked for removal
[WARNING] /C:/Users/Lathrell/TagakTuro/backend/src/main/java/com/example/demo/security/SecurityConfig.java:[31,9] authorizeHttpRequests() in org.springframework.security.config.annotation.web.builders.HttpSecurity has been deprecated and marked for removal
[WARNING] /C:/Users/Lathrell/TagakTuro/backend/src/main/java/com/example/demo/security/SecurityConfig.java:[33,9] and() in org.springframework.security.config.annotation.web.configurers.AuthorizeHttpRequestsConfigurer.AuthorizationManagerRequestMatcherRegistry has been deprecated and marked for removal
[WARNING] /C:/Users/Lathrell/TagakTuro/backend/src/main/java/com/example/demo/security/SecurityConfig.java:[34,9] sessionManagement() in org.springframework.security.config.annotation.web.builders.HttpSecurity has been deprecated and marked for removal
[WARNING] /C:/Users/Lathrell/TagakTuro/backend/src/main/java/com/example/demo/security/SecurityConfig.java:[39,9] headers() in org.springframework.security.config.annotation.web.builders.HttpSecurity has been deprecated and marked for removal
[WARNING] /C:/Users/Lathrell/TagakTuro/backend/src/main/java/com/example/demo/security/SecurityConfig.java:[39,19] frameOptions() in org.springframework.security.config.annotation.web.configurers.HeadersConfigurer has been deprecated and marked for removal
[INFO] 
[INFO] --- resources:3.3.1:testResources (default-testResources) @ demo ---
[INFO] skip non existing resourceDirectory C:\Users\Lathrell\TagakTuro\backend\src\test\resources
[INFO] 
[INFO] --- compiler:3.14.0:testCompile (default-testCompile) @ demo ---
[INFO] Recompiling the module because of changed dependency.
[INFO] Compiling 1 source file with javac [debug parameters release 17] to target\test-classes
[INFO] 
[INFO] <<< spring-boot:3.5.6:run (default-cli) < test-compile @ demo <<<
[INFO] 
[INFO] 
[INFO] --- spring-boot:3.5.6:run (default-cli) @ demo ---
[INFO] Attaching agents: []

  .   ____          _            __ _ _
 /\\ / ___'_ __ _ _(_)_ __  __ _ \ \ \ \
( ( )\___ | '_ | '_| | '_ \/ _` | \ \ \ \
 \\/  ___)| |_)| | | | | || (_| |  ) ) ) )
  '  |____| .__|_| |_|_| |_\__, | / / / /
 =========|_|==============|___/=/_/_/_/

 :: Spring Boot ::                (v3.5.6)

2025-11-08T23:34:57.327+08:00  INFO 256 --- [demo] [           main] com.example.demo.DemoApplication         : Starting DemoApplication using Java 25.0.1 with PID 256 (C:\Users\Lathrell\TagakTuro\backend\target\classes started by Lathrell in C:\Users\Lathrell\TagakTuro\backend)
2025-11-08T23:34:57.337+08:00  INFO 256 --- [demo] [           main] com.example.demo.DemoApplication         : No active profile set, falling back to 1 default profile: "default"
2025-11-08T23:35:01.907+08:00  INFO 256 --- [demo] [           main] .s.d.r.c.RepositoryConfigurationDelegate : Bootstrapping Spring Data JPA repositories in DEFAULT mode.
2025-11-08T23:35:02.459+08:00  INFO 256 --- [demo] [           main] .s.d.r.c.RepositoryConfigurationDelegate : Finished Spring Data repository scanning in 513 ms. Found 1 JPA repository interface.
2025-11-08T23:35:05.440+08:00  INFO 256 --- [demo] [           main] o.s.b.w.embedded.tomcat.TomcatWebServer  : Tomcat initialized with port 8080 (http)
2025-11-08T23:35:05.482+08:00  INFO 256 --- [demo] [           main] o.apache.catalina.core.StandardService   : Starting service [Tomcat]
2025-11-08T23:35:05.485+08:00  INFO 256 --- [demo] [           main] o.apache.catalina.core.StandardEngine    : Starting Servlet engine: [Apache Tomcat/10.1.46]
2025-11-08T23:35:05.681+08:00  INFO 256 --- [demo] [           main] o.a.c.c.C.[Tomcat].[localhost].[/]       : Initializing Spring embedded WebApplicationContext
2025-11-08T23:35:05.684+08:00  INFO 256 --- [demo] [           main] w.s.c.ServletWebServerApplicationContext : Root WebApplicationContext: initialization completed in 7973 ms
2025-11-08T23:35:06.066+08:00  INFO 256 --- [demo] [           main] o.hibernate.jpa.internal.util.LogHelper  : HHH000204: Processing PersistenceUnitInfo [name: default]
2025-11-08T23:35:06.251+08:00  INFO 256 --- [demo] [           main] org.hibernate.Version                    : HHH000412: Hibernate ORM core version 6.6.29.Final
2025-11-08T23:35:06.382+08:00  INFO 256 --- [demo] [           main] o.h.c.internal.RegionFactoryInitiator    : HHH000026: Second-level cache disabled
2025-11-08T23:35:07.390+08:00  INFO 256 --- [demo] [           main] o.s.o.j.p.SpringPersistenceUnitInfo      : No LoadTimeWeaver setup: ignoring JPA class transformer
2025-11-08T23:35:07.484+08:00  INFO 256 --- [demo] [           main] com.zaxxer.hikari.HikariDataSource       : HikariPool-1 - Starting...
2025-11-08T23:35:08.110+08:00  INFO 256 --- [demo] [           main] com.zaxxer.hikari.pool.HikariPool        : HikariPool-1 - Added connection com.mysql.cj.jdbc.ConnectionImpl@60a01cb
2025-11-08T23:35:08.117+08:00  INFO 256 --- [demo] [           main] com.zaxxer.hikari.HikariDataSource       : HikariPool-1 - Start completed.
2025-11-08T23:35:08.223+08:00  WARN 256 --- [demo] [           main] org.hibernate.orm.deprecation            : HHH90000025: MySQL8Dialect does not need to be specified explicitly using 'hibernate.dialect' (remove the property setting and it will be selected by default)
2025-11-08T23:35:08.229+08:00  WARN 256 --- [demo] [           main] org.hibernate.orm.deprecation            : HHH90000026: MySQL8Dialect has been deprecated; use org.hibernate.dialect.MySQLDialect instead
2025-11-08T23:35:08.310+08:00  INFO 256 --- [demo] [           main] org.hibernate.orm.connections.pooling    : HHH10001005: Database info:
	Database JDBC URL [Connecting through datasource 'HikariDataSource (HikariPool-1)']
	Database driver: undefined/unknown
	Database version: 8.0
	Autocommit mode: undefined/unknown
	Isolation level: undefined/unknown
	Minimum pool size: undefined/unknown
	Maximum pool size: undefined/unknown
2025-11-08T23:35:11.548+08:00  INFO 256 --- [demo] [           main] o.h.e.t.j.p.i.JtaPlatformInitiator       : HHH000489: No JTA platform available (set 'hibernate.transaction.jta.platform' to enable JTA platform integration)
2025-11-08T23:35:11.890+08:00  INFO 256 --- [demo] [           main] j.LocalContainerEntityManagerFactoryBean : Initialized JPA EntityManagerFactory for persistence unit 'default'
2025-11-08T23:35:13.575+08:00  WARN 256 --- [demo] [           main] JpaBaseConfiguration$JpaWebConfiguration : spring.jpa.open-in-view is enabled by default. Therefore, database queries may be performed during view rendering. Explicitly configure spring.jpa.open-in-view to disable this warning
2025-11-08T23:35:13.724+08:00  INFO 256 --- [demo] [           main] r$InitializeUserDetailsManagerConfigurer : Global AuthenticationManager configured with UserDetailsService bean with name customUserDetailsService
2025-11-08T23:35:16.028+08:00  INFO 256 --- [demo] [           main] o.s.b.w.embedded.tomcat.TomcatWebServer  : Tomcat started on port 8080 (http) with context path '/'
2025-11-08T23:35:16.055+08:00  INFO 256 --- [demo] [           main] com.example.demo.DemoApplication         : Started DemoApplication in 21.6 seconds (process running for 23.224)
