[INFO] Scanning for projects...
[INFO] 
[INFO] --------------------------< com.example:demo >--------------------------
[INFO] Building demo 0.0.1-SNAPSHOT
[INFO]   from pom.xml
[INFO] --------------------------------[ jar ]---------------------------------
[INFO] 
[INFO] >>> spring-boot:3.5.6:run (default-cli) > test-compile @ demo >>>
[INFO] 
[INFO] --- resources:3.3.1:resources (default-resources) @ demo ---
[INFO] Copying 2 resources from src\main\resources to target\classes
[INFO] Copying 2 resources from src\main\resources to target\classes
[INFO] 
[INFO] --- compiler:3.14.0:compile (default-compile) @ demo ---
[INFO] Recompiling the module because of changed source code.
[INFO] Compiling 33 source files with javac [debug parameters release 17] to target\classes
[INFO] 
[INFO] --- resources:3.3.1:testResources (default-testResources) @ demo ---
[INFO] skip non existing resourceDirectory C:\Users\Jayson Huub Partido\source\repos\TagakTuro\backend\src\test\resources
[INFO] 
[INFO] --- compiler:3.14.0:testCompile (default-testCompile) @ demo ---
[INFO] Recompiling the module because of changed dependency.
[INFO] Compiling 1 source file with javac [debug parameters release 17] to target\test-classes
[INFO] 
[INFO] <<< spring-boot:3.5.6:run (default-cli) < test-compile @ demo <<<
[INFO] 
[INFO] 
[INFO] --- spring-boot:3.5.6:run (default-cli) @ demo ---
[INFO] Attaching agents: []

  .   ____          _            __ _ _
 /\\ / ___'_ __ _ _(_)_ __  __ _ \ \ \ \
( ( )\___ | '_ | '_| | '_ \/ _` | \ \ \ \
 \\/  ___)| |_)| | | | | || (_| |  ) ) ) )
  '  |____| .__|_| |_|_| |_\__, | / / / /
 =========|_|==============|___/=/_/_/_/

 :: Spring Boot ::                (v3.5.6)

2026-03-18T23:40:43.917+08:00  INFO 18280 --- [demo] [           main] com.example.demo.DemoApplication         : Starting DemoApplication using Java 21 with PID 18280 (C:\Users\Jayson Huub Partido\source\repos\TagakTuro\backend\target\classes started by Jayson Huub Partido in C:\Users\Jayson Huub Partido\source\repos\TagakTuro\backend)
2026-03-18T23:40:43.921+08:00  INFO 18280 --- [demo] [           main] com.example.demo.DemoApplication         : No active profile set, falling back to 1 default profile: "default"
2026-03-18T23:40:46.027+08:00  INFO 18280 --- [demo] [           main] .s.d.r.c.RepositoryConfigurationDelegate : Bootstrapping Spring Data JPA repositories in DEFAULT mode.
2026-03-18T23:40:46.167+08:00  INFO 18280 --- [demo] [           main] .s.d.r.c.RepositoryConfigurationDelegate : Finished Spring Data repository scanning in 126 ms. Found 5 JPA repository interfaces.
2026-03-18T23:40:48.061+08:00  INFO 18280 --- [demo] [           main] o.s.b.w.embedded.tomcat.TomcatWebServer  : Tomcat initialized with port 8080 (http)
2026-03-18T23:40:48.090+08:00  INFO 18280 --- [demo] [           main] o.apache.catalina.core.StandardService   : Starting service [Tomcat]
2026-03-18T23:40:48.091+08:00  INFO 18280 --- [demo] [           main] o.apache.catalina.core.StandardEngine    : Starting Servlet engine: [Apache Tomcat/10.1.46]
2026-03-18T23:40:48.195+08:00  INFO 18280 --- [demo] [           main] o.a.c.c.C.[Tomcat].[localhost].[/]       : Initializing Spring embedded WebApplicationContext
2026-03-18T23:40:48.196+08:00  INFO 18280 --- [demo] [           main] w.s.c.ServletWebServerApplicationContext : Root WebApplicationContext: initialization completed in 4164 ms
2026-03-18T23:40:48.416+08:00  INFO 18280 --- [demo] [           main] o.hibernate.jpa.internal.util.LogHelper  : HHH000204: Processing PersistenceUnitInfo [name: default]
2026-03-18T23:40:48.555+08:00  INFO 18280 --- [demo] [           main] org.hibernate.Version                    : HHH000412: Hibernate ORM core version 6.6.29.Final
2026-03-18T23:40:48.649+08:00  INFO 18280 --- [demo] [           main] o.h.c.internal.RegionFactoryInitiator    : HHH000026: Second-level cache disabled
2026-03-18T23:40:49.139+08:00  INFO 18280 --- [demo] [           main] o.s.o.j.p.SpringPersistenceUnitInfo      : No LoadTimeWeaver setup: ignoring JPA class transformer
2026-03-18T23:40:49.192+08:00  INFO 18280 --- [demo] [           main] com.zaxxer.hikari.HikariDataSource       : HikariPool-1 - Starting...
2026-03-18T23:40:49.527+08:00  INFO 18280 --- [demo] [           main] com.zaxxer.hikari.pool.HikariPool        : HikariPool-1 - Added connection conn0: url=jdbc:h2:mem:testdb user=SA
2026-03-18T23:40:49.529+08:00  INFO 18280 --- [demo] [           main] com.zaxxer.hikari.HikariDataSource       : HikariPool-1 - Start completed.
2026-03-18T23:40:49.571+08:00  WARN 18280 --- [demo] [           main] org.hibernate.orm.deprecation            : HHH90000025: H2Dialect does not need to be specified explicitly using 'hibernate.dialect' (remove the property setting and it will be selected by default)
2026-03-18T23:40:49.603+08:00  INFO 18280 --- [demo] [           main] org.hibernate.orm.connections.pooling    : HHH10001005: Database info:
	Database JDBC URL [Connecting through datasource 'HikariDataSource (HikariPool-1)']
	Database driver: undefined/unknown
	Database version: 2.3.232
	Autocommit mode: undefined/unknown
	Isolation level: undefined/unknown
	Minimum pool size: undefined/unknown
	Maximum pool size: undefined/unknown
2026-03-18T23:40:51.637+08:00  INFO 18280 --- [demo] [           main] o.h.e.t.j.p.i.JtaPlatformInitiator       : HHH000489: No JTA platform available (set 'hibernate.transaction.jta.platform' to enable JTA platform integration)
Hibernate: drop table if exists bookings cascade 
Hibernate: drop table if exists students cascade 
Hibernate: drop table if exists tutor_applications cascade 
Hibernate: drop table if exists tutors cascade 
Hibernate: drop table if exists user_roles cascade 
Hibernate: drop table if exists users cascade 
Hibernate: create table bookings (duration_minutes integer, booking_date_time timestamp(6) not null, id bigint generated by default as identity, student_id bigint not null, modality varchar(255), notes varchar(255), subject varchar(255) not null, tutor_name varchar(255), venue varchar(255), status enum ('CANCELLED','COMPLETED','CONFIRMED','PENDING') not null, primary key (id))
Hibernate: create table students (id bigint generated by default as identity, course_program varchar(255), email varchar(255) not null unique, name varchar(255) not null, phone_number varchar(255), student_id varchar(255) not null unique, primary key (id))
Hibernate: create table tutor_applications (time_available_end time(6) not null, time_available_start time(6) not null, created_at timestamp(6), id bigint generated by default as identity, certificates_path varchar(255), course_program varchar(255) not null, email varchar(255) not null unique, name varchar(255) not null, password varchar(255) not null, phone_number varchar(255) not null, report_of_grades_path varchar(255) not null, status varchar(255) not null, student_id varchar(255) not null unique, experience clob not null, primary key (id))
Hibernate: create table tutors (id bigint generated by default as identity, email varchar(255) not null unique, name varchar(255) not null, phone_number varchar(255), tutor_id varchar(255) not null unique, primary key (id))
Hibernate: create table user_roles (user_id bigint not null, role varchar(255))
Hibernate: create table users (id bigint generated by default as identity, course_program varchar(255) not null, email varchar(255) not null unique, name varchar(255), password varchar(255) not null, phone_number varchar(255), student_id varchar(255) not null, primary key (id))
Hibernate: alter table if exists bookings add constraint FKeepf6u51hvrq5p0k3gcu29l7l foreign key (student_id) references students
Hibernate: alter table if exists user_roles add constraint FKhfh9dx7w3ubf1co1vdev94g3f foreign key (user_id) references users
2026-03-18T23:40:51.802+08:00  INFO 18280 --- [demo] [           main] j.LocalContainerEntityManagerFactoryBean : Initialized JPA EntityManagerFactory for persistence unit 'default'
2026-03-18T23:40:52.707+08:00  WARN 18280 --- [demo] [           main] JpaBaseConfiguration$JpaWebConfiguration : spring.jpa.open-in-view is enabled by default. Therefore, database queries may be performed during view rendering. Explicitly configure spring.jpa.open-in-view to disable this warning
2026-03-18T23:40:52.775+08:00  INFO 18280 --- [demo] [           main] r$InitializeUserDetailsManagerConfigurer : Global AuthenticationManager configured with UserDetailsService bean with name customUserDetailsService
2026-03-18T23:40:53.458+08:00  INFO 18280 --- [demo] [           main] o.s.b.a.h2.H2ConsoleAutoConfiguration    : H2 console available at '/h2-console'. Database available at 'jdbc:h2:mem:testdb'
2026-03-18T23:40:53.645+08:00  WARN 18280 --- [demo] [           main] ConfigServletWebServerApplicationContext : Exception encountered during context initialization - cancelling refresh attempt: org.springframework.context.ApplicationContextException: Failed to start bean 'webServerStartStop'
2026-03-18T23:40:53.651+08:00  INFO 18280 --- [demo] [           main] j.LocalContainerEntityManagerFactoryBean : Closing JPA EntityManagerFactory for persistence unit 'default'
Hibernate: drop table if exists bookings cascade 
Hibernate: drop table if exists students cascade 
Hibernate: drop table if exists tutor_applications cascade 
Hibernate: drop table if exists tutors cascade 
Hibernate: drop table if exists user_roles cascade 
Hibernate: drop table if exists users cascade 
2026-03-18T23:40:53.667+08:00  INFO 18280 --- [demo] [           main] com.zaxxer.hikari.HikariDataSource       : HikariPool-1 - Shutdown initiated...
2026-03-18T23:40:53.671+08:00  INFO 18280 --- [demo] [           main] com.zaxxer.hikari.HikariDataSource       : HikariPool-1 - Shutdown completed.
2026-03-18T23:40:53.687+08:00  INFO 18280 --- [demo] [           main] .s.b.a.l.ConditionEvaluationReportLogger : 

Error starting ApplicationContext. To display the condition evaluation report re-run your application with 'debug' enabled.
2026-03-18T23:40:53.713+08:00 ERROR 18280 --- [demo] [           main] o.s.b.d.LoggingFailureAnalysisReporter   : 

***************************
APPLICATION FAILED TO START
***************************

Description:

Web server failed to start. Port 8080 was already in use.

Action:

Identify and stop the process that's listening on port 8080 or configure this application to listen on another port.

[INFO] ------------------------------------------------------------------------
[INFO] BUILD FAILURE
[INFO] ------------------------------------------------------------------------
[INFO] Total time:  25.635 s
[INFO] Finished at: 2026-03-18T23:40:53+08:00
[INFO] ------------------------------------------------------------------------
[ERROR] Failed to execute goal org.springframework.boot:spring-boot-maven-plugin:3.5.6:run (default-cli) on project demo: Process terminated with exit code: 1 -> [Help 1]
[ERROR] 
[ERROR] To see the full stack trace of the errors, re-run Maven with the -e switch.
[ERROR] Re-run Maven using the -X switch to enable full debug logging.
[ERROR] 
[ERROR] For more information about the errors and possible solutions, please read the following articles:
[ERROR] [Help 1] http://cwiki.apache.org/confluence/display/MAVEN/MojoExecutionException
